{
  "RSpec": {
    "coverage": {
      "/Users/vencarbon/programming/pets/potracheno/app/helpers/account/incomes_helper.rb": [
        1,
        null
      ],
      "/Users/vencarbon/programming/pets/potracheno/app/helpers/application_helper.rb": [
        1,
        1,
        21,
        null,
        null,
        1,
        0,
        null,
        null,
        1,
        57,
        null,
        null,
        1,
        38,
        null,
        37,
        null,
        null,
        1,
        19,
        null,
        null
      ],
      "/Users/vencarbon/programming/pets/potracheno/app/helpers/sessions_helper.rb": [
        1,
        null
      ],
      "/Users/vencarbon/programming/pets/potracheno/app/controllers/account/cards/transactions_controller.rb": [
        1,
        1,
        1,
        null,
        1,
        1,
        null,
        0,
        null,
        null,
        1,
        null,
        null
      ],
      "/Users/vencarbon/programming/pets/potracheno/app/controllers/account/cards/application_controller.rb": [
        1,
        1,
        1,
        null,
        null
      ],
      "/Users/vencarbon/programming/pets/potracheno/app/controllers/account/application_controller.rb": [
        1,
        1,
        null,
        1,
        null
      ],
      "/Users/vencarbon/programming/pets/potracheno/app/controllers/application_controller.rb": [
        1,
        1,
        null,
        1,
        null
      ],
      "/Users/vencarbon/programming/pets/potracheno/app/controllers/account/cards_controller.rb": [
        1,
        1,
        2,
        null,
        null,
        1,
        1,
        null,
        1,
        1,
        null,
        0,
        null,
        null,
        1,
        null,
        null
      ],
      "/Users/vencarbon/programming/pets/potracheno/app/controllers/account/expenses_controller.rb": [
        1,
        1,
        null,
        null
      ],
      "/Users/vencarbon/programming/pets/potracheno/app/controllers/account/incomes_controller.rb": [
        1,
        1,
        1,
        1,
        null,
        null,
        1,
        null,
        null,
        1,
        1,
        null,
        null,
        null,
        null,
        1,
        1,
        null,
        0,
        0,
        null,
        null,
        0,
        null,
        0,
        null,
        0,
        null,
        null,
        null,
        1,
        1,
        1,
        null,
        null,
        1,
        1,
        1,
        null,
        1,
        1,
        null,
        0,
        0,
        0,
        null,
        null,
        null,
        1,
        0,
        null,
        0,
        null,
        null,
        1,
        null,
        1,
        2,
        null,
        null,
        null,
        null,
        null,
        null,
        null,
        null,
        null
      ],
      "/Users/vencarbon/programming/pets/potracheno/app/controllers/account/profiles_controller.rb": [
        1,
        1,
        null,
        null,
        1,
        1,
        null,
        1,
        null,
        null,
        1,
        null,
        1,
        1,
        null,
        null
      ],
      "/Users/vencarbon/programming/pets/potracheno/app/controllers/account/random_expenses_controller.rb": [
        1,
        1,
        1,
        1,
        null,
        null,
        1,
        1,
        null,
        null,
        1,
        1,
        null,
        null,
        null,
        null,
        1,
        1,
        null,
        0,
        0,
        0,
        null,
        null,
        0,
        null,
        0,
        null,
        0,
        null,
        null,
        null,
        1,
        1,
        1,
        null,
        null,
        1,
        1,
        1,
        null,
        1,
        1,
        null,
        0,
        0,
        null,
        0,
        null,
        0,
        null,
        null,
        null,
        1,
        null,
        null,
        1,
        null,
        1,
        2,
        null,
        null
      ],
      "/Users/vencarbon/programming/pets/potracheno/app/controllers/account/recurrent_expenses_controller.rb": [
        1,
        1,
        1,
        null,
        null,
        1,
        1,
        1,
        null,
        null,
        1,
        1,
        null,
        null,
        null,
        null,
        1,
        1,
        null,
        0,
        0,
        null,
        null,
        0,
        null,
        0,
        null,
        0,
        null,
        null,
        null,
        1,
        1,
        1,
        null,
        null,
        1,
        1,
        1,
        null,
        1,
        1,
        null,
        0,
        0,
        null,
        0,
        null,
        0,
        null,
        null,
        null,
        1,
        null,
        null,
        1,
        null,
        1,
        2,
        null,
        null
      ],
      "/Users/vencarbon/programming/pets/potracheno/app/controllers/index_controller.rb": [
        1,
        1,
        1,
        0,
        null,
        1,
        null,
        null,
        null
      ],
      "/Users/vencarbon/programming/pets/potracheno/app/controllers/sessions_controller.rb": [
        1,
        1,
        null,
        null,
        1,
        1,
        null,
        null,
        null,
        null,
        1,
        1,
        1,
        null,
        0,
        0,
        null,
        null,
        null,
        1,
        null,
        1,
        2,
        null,
        null
      ],
      "/Users/vencarbon/programming/pets/potracheno/app/controllers/users_controller.rb": [
        1,
        1,
        1,
        null,
        null,
        1,
        1,
        null,
        1,
        1,
        1,
        null,
        0,
        null,
        null,
        null,
        1,
        null,
        1,
        1,
        null,
        null
      ],
      "/Users/vencarbon/programming/pets/potracheno/app/decorators/account/expense_decorator.rb": [
        1,
        1,
        null,
        1,
        0,
        null,
        null
      ],
      "/Users/vencarbon/programming/pets/potracheno/app/models/expense.rb": [
        1,
        1,
        1,
        1,
        null,
        1,
        null
      ],
      "/Users/vencarbon/programming/pets/potracheno/app/models/application_record.rb": [
        1,
        1,
        null
      ],
      "/Users/vencarbon/programming/pets/potracheno/app/interactors/cards/sync.rb": [
        1,
        1,
        null,
        1,
        null,
        2,
        null,
        1,
        1,
        null,
        null,
        1,
        null,
        1,
        1,
        2,
        null,
        null,
        null,
        null,
        null
      ],
      "/Users/vencarbon/programming/pets/potracheno/app/interactors/cards/transactions/sync.rb": [
        1,
        1,
        null,
        1,
        null,
        2,
        null,
        1,
        1,
        null,
        1,
        1,
        3,
        2,
        1,
        1,
        null,
        null,
        null,
        1,
        null,
        null,
        null,
        1,
        null,
        1,
        7,
        null,
        null,
        1,
        3,
        null,
        null,
        1,
        2,
        1,
        1,
        null,
        1,
        1,
        null,
        null,
        null,
        1,
        1,
        1,
        0,
        null,
        1,
        1,
        null,
        null,
        null,
        1,
        3,
        null,
        null,
        1,
        1,
        null,
        null,
        null,
        null,
        null,
        null,
        null,
        null,
        null,
        1,
        1,
        null,
        null,
        null,
        null,
        null,
        null,
        null,
        null,
        null,
        1,
        1,
        null,
        null,
        1,
        1,
        1,
        0,
        null,
        1,
        1,
        null,
        null,
        1,
        null,
        null,
        null,
        null,
        null,
        null,
        null,
        null,
        null
      ],
      "/Users/vencarbon/programming/pets/potracheno/app/interactors/days/update_limit.rb": [
        1,
        1,
        null,
        1,
        null,
        14,
        null,
        1,
        13,
        null,
        null,
        1,
        null,
        1,
        13,
        390,
        13,
        null,
        377,
        377,
        null,
        null,
        390,
        390,
        390,
        null,
        null,
        13,
        null,
        null,
        1,
        390,
        null,
        null,
        1,
        13,
        null,
        null,
        1,
        13,
        null,
        null,
        1,
        13,
        null,
        null,
        1,
        13,
        null,
        null,
        1,
        403,
        null,
        null,
        1,
        65,
        null,
        null
      ],
      "/Users/vencarbon/programming/pets/potracheno/app/interactors/expenses/random/create.rb": [
        1,
        1,
        null,
        1,
        1,
        null,
        4,
        null,
        1,
        3,
        null,
        3,
        null,
        3,
        null,
        null,
        1,
        null,
        1,
        3,
        null,
        null,
        1,
        9,
        null,
        null,
        1,
        3,
        null,
        null,
        1,
        9,
        null,
        null,
        1,
        3,
        null,
        null,
        null,
        null,
        null,
        null,
        null,
        1,
        3,
        null,
        null
      ],
      "/Users/vencarbon/programming/pets/potracheno/app/interactors/expenses/recurrent/create.rb": [
        1,
        1,
        null,
        1,
        1,
        null,
        4,
        null,
        1,
        3,
        3,
        null,
        3,
        null,
        3,
        null,
        null,
        null,
        1,
        null,
        1,
        3,
        null,
        null,
        1,
        6,
        null,
        null,
        1,
        3,
        null,
        null,
        1,
        9,
        null,
        null,
        1,
        3,
        null,
        null,
        1,
        3,
        null,
        null,
        null,
        null,
        null,
        null
      ],
      "/Users/vencarbon/programming/pets/potracheno/app/interactors/expenses/recurrent/update.rb": [
        1,
        1,
        null,
        1,
        null,
        1,
        2,
        2,
        2,
        null,
        2,
        null,
        2,
        null,
        null,
        null,
        1,
        null,
        1,
        0,
        null,
        null,
        1,
        0,
        null,
        null,
        1,
        2,
        null,
        null,
        1,
        2,
        null,
        null
      ],
      "/Users/vencarbon/programming/pets/potracheno/app/interactors/incomes/create.rb": [
        1,
        1,
        null,
        1,
        1,
        null,
        1,
        3,
        3,
        3,
        null,
        3,
        null,
        null,
        null,
        1,
        null,
        1,
        3,
        null,
        null,
        1,
        3,
        null,
        null,
        1,
        9,
        null,
        null,
        1,
        3,
        null,
        null,
        1,
        3,
        null,
        null,
        null,
        null,
        null,
        null
      ],
      "/Users/vencarbon/programming/pets/potracheno/app/models/card.rb": [
        1,
        1,
        null
      ],
      "/Users/vencarbon/programming/pets/potracheno/app/models/user.rb": [
        1,
        1,
        null,
        1,
        null,
        1,
        1,
        1,
        1,
        1,
        1,
        1,
        1,
        null,
        1,
        12,
        null,
        null
      ],
      "/Users/vencarbon/programming/pets/potracheno/app/decorators/account/card_decorator.rb": [
        1,
        1,
        null,
        1,
        0,
        null,
        null,
        null
      ],
      "/Users/vencarbon/programming/pets/potracheno/app/models/income.rb": [
        1,
        1,
        1,
        null,
        1,
        null
      ],
      "/Users/vencarbon/programming/pets/potracheno/app/decorators/account/income_decorator.rb": [
        1,
        1,
        null,
        1,
        0,
        null,
        null
      ],
      "/Users/vencarbon/programming/pets/potracheno/app/queries/incomes/current_months_query.rb": [
        1,
        1,
        null,
        1,
        1,
        null,
        null,
        1,
        1,
        null,
        null,
        1,
        1,
        null,
        null
      ],
      "/Users/vencarbon/programming/pets/potracheno/app/models/income_label.rb": [
        1,
        null
      ],
      "/Users/vencarbon/programming/pets/potracheno/app/models/label.rb": [
        1,
        1,
        1,
        null
      ],
      "/Users/vencarbon/programming/pets/potracheno/app/models/category.rb": [
        1,
        1,
        null
      ],
      "/Users/vencarbon/programming/pets/potracheno/app/models/recurrent_expense.rb": [
        1,
        null
      ],
      "/Users/vencarbon/programming/pets/potracheno/app/models/day.rb": [
        1,
        1,
        1,
        1,
        null,
        1,
        null
      ],
      "/Users/vencarbon/programming/pets/potracheno/app/models/random_expense.rb": [
        1,
        null
      ],
      "/Users/vencarbon/programming/pets/potracheno/app/interactors/incomes/update.rb": [
        1,
        1,
        null,
        1,
        null,
        1,
        1,
        1,
        null,
        1,
        null,
        1,
        null,
        null,
        null,
        1,
        null,
        1,
        1,
        null,
        null
      ],
      "/Users/vencarbon/programming/pets/potracheno/app/interactors/users/update.rb": [
        1,
        1,
        null,
        1,
        null,
        1,
        1,
        null,
        1,
        null,
        null
      ],
      "/Users/vencarbon/programming/pets/potracheno/app/decorators/account/day_decorator.rb": [
        1,
        1,
        null,
        1,
        1,
        null,
        null,
        1,
        1,
        0,
        null,
        1,
        null,
        null,
        null
      ],
      "/Users/vencarbon/programming/pets/potracheno/app/queries/users/today_query.rb": [
        1,
        1,
        null,
        1,
        3,
        null,
        null,
        1,
        3,
        null,
        null,
        1,
        3,
        null,
        null
      ],
      "/Users/vencarbon/programming/pets/potracheno/app/queries/expenses/random/todays_query.rb": [
        1,
        1,
        null,
        1,
        1,
        null,
        null,
        1,
        1,
        null,
        null,
        1,
        1,
        null,
        null
      ],
      "/Users/vencarbon/programming/pets/potracheno/app/models/random_expense_label.rb": [
        1,
        null
      ],
      "/Users/vencarbon/programming/pets/potracheno/app/interactors/expenses/random/update.rb": [
        1,
        1,
        null,
        1,
        null,
        1,
        1,
        1,
        null,
        1,
        null,
        null,
        null
      ],
      "/Users/vencarbon/programming/pets/potracheno/app/models/recurrent_expense_label.rb": [
        1,
        null
      ],
      "/Users/vencarbon/programming/pets/potracheno/app/queries/expenses/recurrent/current_months_query.rb": [
        1,
        1,
        null,
        1,
        1,
        null,
        null,
        1,
        1,
        null,
        null,
        1,
        1,
        null,
        null
      ],
      "/Users/vencarbon/programming/pets/potracheno/app/interactors/users/authenticate.rb": [
        1,
        1,
        null,
        1,
        null,
        1,
        1,
        1,
        null,
        1,
        null,
        null,
        1,
        null,
        1,
        3,
        null,
        null,
        1,
        1,
        null,
        null
      ]
    },
    "timestamp": 1505650783
  }
}
